pygame 2.6.1 (SDL 2.28.4, Python 3.12.3)
Hello from the pygame community. https://www.pygame.org/contribute.html

-----------
start game
-----------

random
Pavlov

ROUND 1/20
Player_1 move: 0
Player_2 move: 1

Player_1 score: 0
Player_2 score 10


ROUND 2/20
Player_1 move: 0
Player_2 move: 0

Player_1 score: 5
Player_2 score 15


ROUND 3/20
Player_1 move: 0
Player_2 move: 1

Player_1 score: 5
Player_2 score 25


ROUND 4/20
Player_1 move: 0
Player_2 move: 0

Player_1 score: 10
Player_2 score 30


ROUND 5/20
Player_1 move: 1
Player_2 move: 1

Player_1 score: 11
Player_2 score 31


ROUND 6/20
Player_1 move: 1
Player_2 move: 1

Player_1 score: 12
Player_2 score 32


ROUND 7/20
Player_1 move: 0
Player_2 move: 1

Player_1 score: 12
Player_2 score 42


ROUND 8/20
Player_1 move: 0
Player_2 move: 0

Player_1 score: 17
Player_2 score 47


ROUND 9/20
Player_1 move: 0
Player_2 move: 1

Player_1 score: 17
Player_2 score 57


ROUND 10/20
Player_1 move: 0
Player_2 move: 0

Player_1 score: 22
Player_2 score 62


ROUND 11/20
Player_1 move: 0
Player_2 move: 1

Player_1 score: 22
Player_2 score 72


ROUND 12/20
Player_1 move: 0
Player_2 move: 0

Player_1 score: 27
Player_2 score 77


ROUND 13/20
Player_1 move: 1
Player_2 move: 1

Player_1 score: 28
Player_2 score 78


ROUND 14/20
Player_1 move: 1
Player_2 move: 1

Player_1 score: 29
Player_2 score 79


ROUND 15/20
Player_1 move: 1
Player_2 move: 1

Player_1 score: 30
Player_2 score 80


ROUND 16/20
Player_1 move: 0
Player_2 move: 1

Player_1 score: 30
Player_2 score 90


ROUND 17/20
Player_1 move: 0
Player_2 move: 0

Player_1 score: 35
Player_2 score 95


ROUND 18/20
Player_1 move: 0
Player_2 move: 1

Player_1 score: 35
Player_2 score 105


ROUND 19/20
Player_1 move: 1
Player_2 move: 0

Player_1 score: 45
Player_2 score 105


ROUND 20/20
Player_1 move: 0
Player_2 move: 0

Player_1 score: 50
Player_2 score 110

player 1 wins



[ 0.  5.  0.  5.  1.  1.  0.  5.  0.  5.  0.  5.  1.  1.  1.  0.  5.  0.
 10.  5.]
[0. 0. 0. 0. 1. 1. 0. 0. 0. 0. 0. 0. 1. 1. 1. 0. 0. 0. 1. 0.]



[10.  5. 10.  5.  1.  1. 10.  5. 10.  5. 10.  5.  1.  1.  1. 10.  5. 10.
  0.  5.]
[1. 0. 1. 0. 1. 1. 1. 0. 1. 0. 1. 0. 1. 1. 1. 1. 0. 1. 0. 0.]



0
10
game over
