pygame 2.6.1 (SDL 2.28.4, Python 3.12.3)
Hello from the pygame community. https://www.pygame.org/contribute.html

-----------
start game
-----------

random
Pavlov

ROUND 1/20
Player_1 move: 0
Player_2 move: 1

Player_1 score: 0
Player_2 score 10


ROUND 2/20
Player_1 move: 0
Player_2 move: 0

Player_1 score: 5
Player_2 score 15


ROUND 3/20
Player_1 move: 1
Player_2 move: 1

Player_1 score: 6
Player_2 score 16


ROUND 4/20
Player_1 move: 1
Player_2 move: 1

Player_1 score: 7
Player_2 score 17


ROUND 5/20
Player_1 move: 0
Player_2 move: 1

Player_1 score: 7
Player_2 score 27


ROUND 6/20
Player_1 move: 0
Player_2 move: 0

Player_1 score: 12
Player_2 score 32


ROUND 7/20
Player_1 move: 1
Player_2 move: 1

Player_1 score: 13
Player_2 score 33


ROUND 8/20
Player_1 move: 0
Player_2 move: 1

Player_1 score: 13
Player_2 score 43


ROUND 9/20
Player_1 move: 1
Player_2 move: 0

Player_1 score: 23
Player_2 score 43


ROUND 10/20
Player_1 move: 1
Player_2 move: 0

Player_1 score: 33
Player_2 score 43


ROUND 11/20
Player_1 move: 0
Player_2 move: 0

Player_1 score: 38
Player_2 score 48


ROUND 12/20
Player_1 move: 0
Player_2 move: 1

Player_1 score: 38
Player_2 score 58


ROUND 13/20
Player_1 move: 1
Player_2 move: 0

Player_1 score: 48
Player_2 score 58


ROUND 14/20
Player_1 move: 0
Player_2 move: 0

Player_1 score: 53
Player_2 score 63


ROUND 15/20
Player_1 move: 1
Player_2 move: 1

Player_1 score: 54
Player_2 score 64


ROUND 16/20
Player_1 move: 1
Player_2 move: 1

Player_1 score: 55
Player_2 score 65


ROUND 17/20
Player_1 move: 0
Player_2 move: 1

Player_1 score: 55
Player_2 score 75


ROUND 18/20
Player_1 move: 1
Player_2 move: 0

Player_1 score: 65
Player_2 score 75


ROUND 19/20
Player_1 move: 0
Player_2 move: 0

Player_1 score: 70
Player_2 score 80


ROUND 20/20
Player_1 move: 1
Player_2 move: 1

Player_1 score: 71
Player_2 score 81

player 1 wins



[ 0.  5.  1.  1.  0.  5.  1.  0. 10. 10.  5.  0. 10.  5.  1.  1.  0. 10.
  5.  1.]
[0. 0. 1. 1. 0. 0. 1. 0. 1. 1. 0. 0. 1. 0. 1. 1. 0. 1. 0. 1.]



[10.  5.  1.  1. 10.  5.  1. 10.  0.  0.  5. 10.  0.  5.  1.  1. 10.  0.
  5.  1.]
[1. 0. 1. 1. 1. 0. 1. 1. 0. 0. 0. 1. 0. 0. 1. 1. 1. 0. 0. 1.]



71
81
game over
