pygame 2.6.1 (SDL 2.28.4, Python 3.12.3)
Hello from the pygame community. https://www.pygame.org/contribute.html

-----------
start game
-----------

random
Pavlov

ROUND 1/20
Player_1 move: 0
Player_2 move: 1

Player_1 score: 0
Player_2 score 10


ROUND 2/20
Player_1 move: 1
Player_2 move: 0

Player_1 score: 10
Player_2 score 10


ROUND 3/20
Player_1 move: 1
Player_2 move: 0

Player_1 score: 20
Player_2 score 10


ROUND 4/20
Player_1 move: 1
Player_2 move: 0

Player_1 score: 30
Player_2 score 10


ROUND 5/20
Player_1 move: 1
Player_2 move: 0

Player_1 score: 40
Player_2 score 10


ROUND 6/20
Player_1 move: 0
Player_2 move: 0

Player_1 score: 45
Player_2 score 15


ROUND 7/20
Player_1 move: 0
Player_2 move: 1

Player_1 score: 45
Player_2 score 25


ROUND 8/20
Player_1 move: 1
Player_2 move: 0

Player_1 score: 55
Player_2 score 25


ROUND 9/20
Player_1 move: 1
Player_2 move: 0

Player_1 score: 65
Player_2 score 25


ROUND 10/20
Player_1 move: 1
Player_2 move: 0

Player_1 score: 75
Player_2 score 25


ROUND 11/20
Player_1 move: 1
Player_2 move: 0

Player_1 score: 85
Player_2 score 25


ROUND 12/20
Player_1 move: 1
Player_2 move: 0

Player_1 score: 95
Player_2 score 25


ROUND 13/20
Player_1 move: 0
Player_2 move: 0

Player_1 score: 100
Player_2 score 30


ROUND 14/20
Player_1 move: 1
Player_2 move: 1

Player_1 score: 101
Player_2 score 31


ROUND 15/20
Player_1 move: 1
Player_2 move: 1

Player_1 score: 102
Player_2 score 32


ROUND 16/20
Player_1 move: 1
Player_2 move: 1

Player_1 score: 103
Player_2 score 33


ROUND 17/20
Player_1 move: 0
Player_2 move: 1

Player_1 score: 103
Player_2 score 43


ROUND 18/20
Player_1 move: 0
Player_2 move: 0

Player_1 score: 108
Player_2 score 48


ROUND 19/20
Player_1 move: 0
Player_2 move: 1

Player_1 score: 108
Player_2 score 58


ROUND 20/20
Player_1 move: 1
Player_2 move: 0

Player_1 score: 118
Player_2 score 58

player 2 wins
[0. 0. 0. 0. 0. 0. 0. 0. 0. 0. 0. 0. 0. 0. 0. 0. 0. 0. 0. 0.]
[10.  0.  0.  0.  0.  0.  0.  0.  0.  0.  0.  0.  0.  0.  0.  0.  0.  0.
  0.  0.]
game over
