pygame 2.6.1 (SDL 2.28.4, Python 3.12.3)
Hello from the pygame community. https://www.pygame.org/contribute.html

-----------
start game
-----------

random
Pavlov

ROUND 1/20
Player_1 move: 0
Player_2 move: 1

Player_1 score: 0
Player_2 score 10


ROUND 2/20
Player_1 move: 0
Player_2 move: 0

Player_1 score: 5
Player_2 score 15


ROUND 3/20
Player_1 move: 0
Player_2 move: 1

Player_1 score: 5
Player_2 score 25


ROUND 4/20
Player_1 move: 1
Player_2 move: 0

Player_1 score: 15
Player_2 score 25


ROUND 5/20
Player_1 move: 0
Player_2 move: 0

Player_1 score: 20
Player_2 score 30


ROUND 6/20
Player_1 move: 0
Player_2 move: 1

Player_1 score: 20
Player_2 score 40


ROUND 7/20
Player_1 move: 1
Player_2 move: 0

Player_1 score: 30
Player_2 score 40


ROUND 8/20
Player_1 move: 0
Player_2 move: 0

Player_1 score: 35
Player_2 score 45


ROUND 9/20
Player_1 move: 1
Player_2 move: 1

Player_1 score: 36
Player_2 score 46


ROUND 10/20
Player_1 move: 1
Player_2 move: 1

Player_1 score: 37
Player_2 score 47


ROUND 11/20
Player_1 move: 0
Player_2 move: 1

Player_1 score: 37
Player_2 score 57


ROUND 12/20
Player_1 move: 0
Player_2 move: 0

Player_1 score: 42
Player_2 score 62


ROUND 13/20
Player_1 move: 1
Player_2 move: 1

Player_1 score: 43
Player_2 score 63


ROUND 14/20
Player_1 move: 1
Player_2 move: 1

Player_1 score: 44
Player_2 score 64


ROUND 15/20
Player_1 move: 1
Player_2 move: 1

Player_1 score: 45
Player_2 score 65


ROUND 16/20
Player_1 move: 1
Player_2 move: 1

Player_1 score: 46
Player_2 score 66


ROUND 17/20
Player_1 move: 1
Player_2 move: 1

Player_1 score: 47
Player_2 score 67


ROUND 18/20
Player_1 move: 1
Player_2 move: 1

Player_1 score: 48
Player_2 score 68


ROUND 19/20
Player_1 move: 1
Player_2 move: 1

Player_1 score: 49
Player_2 score 69


ROUND 20/20
Player_1 move: 1
Player_2 move: 1

Player_1 score: 50
Player_2 score 70

player 1 wins
game over
