pygame 2.6.1 (SDL 2.28.4, Python 3.12.3)
Hello from the pygame community. https://www.pygame.org/contribute.html

-----------
start game
-----------

random
Pavlov

ROUND 1/20
Player_1 move: 0
Player_2 move: 1

Player_1 score: 0
Player_2 score 10


ROUND 2/20
Player_1 move: 0
Player_2 move: 0

Player_1 score: 5
Player_2 score 15


ROUND 3/20
Player_1 move: 1
Player_2 move: 1

Player_1 score: 6
Player_2 score 16


ROUND 4/20
Player_1 move: 1
Player_2 move: 1

Player_1 score: 7
Player_2 score 17


ROUND 5/20
Player_1 move: 1
Player_2 move: 1

Player_1 score: 8
Player_2 score 18


ROUND 6/20
Player_1 move: 1
Player_2 move: 1

Player_1 score: 9
Player_2 score 19


ROUND 7/20
Player_1 move: 0
Player_2 move: 1

Player_1 score: 9
Player_2 score 29


ROUND 8/20
Player_1 move: 1
Player_2 move: 0

Player_1 score: 19
Player_2 score 29


ROUND 9/20
Player_1 move: 1
Player_2 move: 0

Player_1 score: 29
Player_2 score 29


ROUND 10/20
Player_1 move: 1
Player_2 move: 0

Player_1 score: 39
Player_2 score 29


ROUND 11/20
Player_1 move: 1
Player_2 move: 0

Player_1 score: 49
Player_2 score 29


ROUND 12/20
Player_1 move: 0
Player_2 move: 0

Player_1 score: 54
Player_2 score 34


ROUND 13/20
Player_1 move: 1
Player_2 move: 1

Player_1 score: 55
Player_2 score 35


ROUND 14/20
Player_1 move: 1
Player_2 move: 1

Player_1 score: 56
Player_2 score 36


ROUND 15/20
Player_1 move: 1
Player_2 move: 1

Player_1 score: 57
Player_2 score 37


ROUND 16/20
Player_1 move: 0
Player_2 move: 1

Player_1 score: 57
Player_2 score 47


ROUND 17/20
Player_1 move: 0
Player_2 move: 0

Player_1 score: 62
Player_2 score 52


ROUND 18/20
Player_1 move: 1
Player_2 move: 1

Player_1 score: 63
Player_2 score 53


ROUND 19/20
Player_1 move: 0
Player_2 move: 1

Player_1 score: 63
Player_2 score 63


ROUND 20/20
Player_1 move: 0
Player_2 move: 0

Player_1 score: 68
Player_2 score 68

tie game



[ 0.  5.  1.  1.  1.  1.  0. 10. 10. 10. 10.  5.  1.  1.  1.  0.  5.  1. 0.  5.]

[0. 0. 1. 1. 1. 1. 0. 1. 1. 1. 1. 0. 1. 1. 1. 0. 0. 1. 0. 0.]



[10.  5.  1.  1.  1.  1. 10.  0.  0.  0.  0.  5.  1.  1.  1. 10.  5.  1.
 10.  5.]
[1. 0. 1. 1. 1. 1. 1. 0. 0. 0. 0. 0. 1. 1. 1. 1. 0. 1. 1. 0.]



[ 0.  5.  6.  7.  8.  9.  9. 19. 29. 39. 49. 54. 55. 56. 57. 57. 62. 63.
 63. 68.]
[ 0. 15. 16. 17. 18. 19. 29. 29. 29. 29. 29. 34. 35. 36. 37. 47. 52. 53.
 63. 68.]
game over
