pygame 2.6.1 (SDL 2.28.4, Python 3.12.3)
Hello from the pygame community. https://www.pygame.org/contribute.html

-----------
start game
-----------

random
Pavlov

ROUND 1/20
Player_1 move: 1
Player_2 move: 1

Player_1 score: 1
Player_2 score 1


ROUND 2/20
Player_1 move: 0
Player_2 move: 1

Player_1 score: 1
Player_2 score 11


ROUND 3/20
Player_1 move: 1
Player_2 move: 0

Player_1 score: 11
Player_2 score 11


ROUND 4/20
Player_1 move: 0
Player_2 move: 0

Player_1 score: 16
Player_2 score 16


ROUND 5/20
Player_1 move: 0
Player_2 move: 1

Player_1 score: 16
Player_2 score 26


ROUND 6/20
Player_1 move: 1
Player_2 move: 0

Player_1 score: 26
Player_2 score 26


ROUND 7/20
Player_1 move: 1
Player_2 move: 0

Player_1 score: 36
Player_2 score 26


ROUND 8/20
Player_1 move: 0
Player_2 move: 0

Player_1 score: 41
Player_2 score 31


ROUND 9/20
Player_1 move: 0
Player_2 move: 1

Player_1 score: 41
Player_2 score 41


ROUND 10/20
Player_1 move: 1
Player_2 move: 0

Player_1 score: 51
Player_2 score 41


ROUND 11/20
Player_1 move: 1
Player_2 move: 0

Player_1 score: 61
Player_2 score 41


ROUND 12/20
Player_1 move: 1
Player_2 move: 0

Player_1 score: 71
Player_2 score 41


ROUND 13/20
Player_1 move: 0
Player_2 move: 0

Player_1 score: 76
Player_2 score 46


ROUND 14/20
Player_1 move: 0
Player_2 move: 1

Player_1 score: 76
Player_2 score 56


ROUND 15/20
Player_1 move: 1
Player_2 move: 0

Player_1 score: 86
Player_2 score 56


ROUND 16/20
Player_1 move: 1
Player_2 move: 0

Player_1 score: 96
Player_2 score 56


ROUND 17/20
Player_1 move: 1
Player_2 move: 0

Player_1 score: 106
Player_2 score 56


ROUND 18/20
Player_1 move: 1
Player_2 move: 0

Player_1 score: 116
Player_2 score 56


ROUND 19/20
Player_1 move: 1
Player_2 move: 0

Player_1 score: 126
Player_2 score 56


ROUND 20/20
Player_1 move: 1
Player_2 move: 0

Player_1 score: 136
Player_2 score 56

player 2 wins



[ 1.  0. 10.  5.  0. 10. 10.  5.  0. 10. 10. 10.  5.  0. 10. 10. 10. 10.
 10. 10.]
[1. 0. 1. 0. 0. 1. 1. 0. 0. 1. 1. 1. 0. 0. 1. 1. 1. 1. 1. 1.]



[ 1. 10.  0.  5. 10.  0.  0.  5. 10.  0.  0.  0.  5. 10.  0.  0.  0.  0.
  0.  0.]
[1. 1. 0. 0. 1. 0. 0. 0. 1. 0. 0. 0. 0. 1. 0. 0. 0. 0. 0. 0.]



136
56
game over
