pygame 2.6.1 (SDL 2.28.4, Python 3.12.3)
Hello from the pygame community. https://www.pygame.org/contribute.html

-----------
start game
-----------

random
Pavlov

ROUND 1/20
Player_1 move: 0
Player_2 move: 1

Player_1 score: 0
Player_2 score 10


ROUND 2/20
Player_1 move: 0
Player_2 move: 0

Player_1 score: 5
Player_2 score 15


ROUND 3/20
Player_1 move: 1
Player_2 move: 1

Player_1 score: 6
Player_2 score 16


ROUND 4/20
Player_1 move: 1
Player_2 move: 1

Player_1 score: 7
Player_2 score 17


ROUND 5/20
Player_1 move: 1
Player_2 move: 1

Player_1 score: 8
Player_2 score 18


ROUND 6/20
Player_1 move: 1
Player_2 move: 1

Player_1 score: 9
Player_2 score 19


ROUND 7/20
Player_1 move: 1
Player_2 move: 1

Player_1 score: 10
Player_2 score 20


ROUND 8/20
Player_1 move: 1
Player_2 move: 1

Player_1 score: 11
Player_2 score 21


ROUND 9/20
Player_1 move: 1
Player_2 move: 1

Player_1 score: 12
Player_2 score 22


ROUND 10/20
Player_1 move: 0
Player_2 move: 1

Player_1 score: 12
Player_2 score 32


ROUND 11/20
Player_1 move: 1
Player_2 move: 0

Player_1 score: 22
Player_2 score 32


ROUND 12/20
Player_1 move: 1
Player_2 move: 0

Player_1 score: 32
Player_2 score 32


ROUND 13/20
Player_1 move: 0
Player_2 move: 0

Player_1 score: 37
Player_2 score 37


ROUND 14/20
Player_1 move: 0
Player_2 move: 1

Player_1 score: 37
Player_2 score 47


ROUND 15/20
Player_1 move: 0
Player_2 move: 0

Player_1 score: 42
Player_2 score 52


ROUND 16/20
Player_1 move: 0
Player_2 move: 1

Player_1 score: 42
Player_2 score 62


ROUND 17/20
Player_1 move: 0
Player_2 move: 0

Player_1 score: 47
Player_2 score 67


ROUND 18/20
Player_1 move: 1
Player_2 move: 1

Player_1 score: 48
Player_2 score 68


ROUND 19/20
Player_1 move: 1
Player_2 move: 1

Player_1 score: 49
Player_2 score 69


ROUND 20/20
Player_1 move: 0
Player_2 move: 1

Player_1 score: 49
Player_2 score 79

player 1 wins



[ 0.  5.  1.  1.  1.  1.  1.  1.  1.  0. 10. 10.  5.  0.  5.  0.  5.  1.
  1.  0.]
[10.  5.  1.  1.  1.  1.  1.  1.  1. 10.  0.  0.  5. 10.  5. 10.  5.  1.
  1. 10.]



[0. 0. 1. 1. 1. 1. 1. 1. 1. 0. 1. 1. 0. 0. 0. 0. 0. 1. 1. 0.]
[1. 0. 1. 1. 1. 1. 1. 1. 1. 1. 0. 0. 0. 1. 0. 1. 0. 1. 1. 1.]



[ 0.  5.  6.  7.  8.  9. 10. 11. 12. 12. 22. 32. 37. 37. 42. 42. 47. 48.
 49. 49.]
[10. 15. 16. 17. 18. 19. 20. 21. 22. 32. 32. 32. 37. 47. 52. 62. 67. 68.
 69. 79.]
