pygame 2.6.1 (SDL 2.28.4, Python 3.12.3)
Hello from the pygame community. https://www.pygame.org/contribute.html

-----------
start game
-----------

random
Pavlov

ROUND 1/20
Player_1 move: 1
Player_2 move: 1

Player_1 score: 1
Player_2 score 1


ROUND 2/20
Player_1 move: 0
Player_2 move: 1

Player_1 score: 1
Player_2 score 11


ROUND 3/20
Player_1 move: 0
Player_2 move: 0

Player_1 score: 6
Player_2 score 16


ROUND 4/20
Player_1 move: 0
Player_2 move: 1

Player_1 score: 6
Player_2 score 26


ROUND 5/20
Player_1 move: 0
Player_2 move: 0

Player_1 score: 11
Player_2 score 31


ROUND 6/20
Player_1 move: 0
Player_2 move: 1

Player_1 score: 11
Player_2 score 41


ROUND 7/20
Player_1 move: 1
Player_2 move: 0

Player_1 score: 21
Player_2 score 41


ROUND 8/20
Player_1 move: 1
Player_2 move: 0

Player_1 score: 31
Player_2 score 41


ROUND 9/20
Player_1 move: 1
Player_2 move: 0

Player_1 score: 41
Player_2 score 41


ROUND 10/20
Player_1 move: 0
Player_2 move: 0

Player_1 score: 46
Player_2 score 46


ROUND 11/20
Player_1 move: 1
Player_2 move: 1

Player_1 score: 47
Player_2 score 47


ROUND 12/20
Player_1 move: 1
Player_2 move: 1

Player_1 score: 48
Player_2 score 48


ROUND 13/20
Player_1 move: 0
Player_2 move: 1

Player_1 score: 48
Player_2 score 58


ROUND 14/20
Player_1 move: 1
Player_2 move: 0

Player_1 score: 58
Player_2 score 58


ROUND 15/20
Player_1 move: 1
Player_2 move: 0

Player_1 score: 68
Player_2 score 58


ROUND 16/20
Player_1 move: 0
Player_2 move: 0

Player_1 score: 73
Player_2 score 63


ROUND 17/20
Player_1 move: 1
Player_2 move: 1

Player_1 score: 74
Player_2 score 64


ROUND 18/20
Player_1 move: 1
Player_2 move: 1

Player_1 score: 75
Player_2 score 65


ROUND 19/20
Player_1 move: 1
Player_2 move: 1

Player_1 score: 76
Player_2 score 66


ROUND 20/20
Player_1 move: 1
Player_2 move: 1

Player_1 score: 77
Player_2 score 67

player 2 wins



[ 1.  0.  5.  0.  5.  0. 10. 10. 10.  5.  1.  1.  0. 10. 10.  5.  1.  1.
  1.  1.]
[ 1. 10.  5. 10.  5. 10.  0.  0.  0.  5.  1.  1. 10.  0.  0.  5.  1.  1.
  1.  1.]



[1. 0. 0. 0. 0. 0. 1. 1. 1. 0. 1. 1. 0. 1. 1. 0. 1. 1. 1. 1.]
[1. 1. 0. 1. 0. 1. 0. 0. 0. 0. 1. 1. 1. 0. 0. 0. 1. 1. 1. 1.]



[ 0.  1.  6.  6. 11. 11. 21. 31. 41. 46. 47. 48. 48. 58. 68. 73. 74. 75.
 76. 77.]
[ 0. 11. 16. 26. 31. 41. 41. 41. 41. 46. 47. 48. 58. 58. 58. 63. 64. 65.
 66. 67.]
game over
