pygame 2.6.1 (SDL 2.28.4, Python 3.12.3)
Hello from the pygame community. https://www.pygame.org/contribute.html

-----------
start game
-----------

random
Pavlov

ROUND 1/20
Player_1 move: 0
Player_2 move: 1

Player_1 score: 0
Player_2 score 10


ROUND 2/20
Player_1 move: 0
Player_2 move: 0

Player_1 score: 5
Player_2 score 15


ROUND 3/20
Player_1 move: 1
Player_2 move: 1

Player_1 score: 6
Player_2 score 16


ROUND 4/20
Player_1 move: 1
Player_2 move: 1

Player_1 score: 7
Player_2 score 17


ROUND 5/20
Player_1 move: 1
Player_2 move: 1

Player_1 score: 8
Player_2 score 18


ROUND 6/20
Player_1 move: 1
Player_2 move: 1

Player_1 score: 9
Player_2 score 19


ROUND 7/20
Player_1 move: 0
Player_2 move: 1

Player_1 score: 9
Player_2 score 29


ROUND 8/20
Player_1 move: 1
Player_2 move: 0

Player_1 score: 19
Player_2 score 29


ROUND 9/20
Player_1 move: 0
Player_2 move: 0

Player_1 score: 24
Player_2 score 34


ROUND 10/20
Player_1 move: 0
Player_2 move: 1

Player_1 score: 24
Player_2 score 44


ROUND 11/20
Player_1 move: 1
Player_2 move: 0

Player_1 score: 34
Player_2 score 44


ROUND 12/20
Player_1 move: 1
Player_2 move: 0

Player_1 score: 44
Player_2 score 44


ROUND 13/20
Player_1 move: 0
Player_2 move: 0

Player_1 score: 49
Player_2 score 49


ROUND 14/20
Player_1 move: 1
Player_2 move: 1

Player_1 score: 50
Player_2 score 50


ROUND 15/20
Player_1 move: 1
Player_2 move: 1

Player_1 score: 51
Player_2 score 51


ROUND 16/20
Player_1 move: 0
Player_2 move: 1

Player_1 score: 51
Player_2 score 61


ROUND 17/20
Player_1 move: 1
Player_2 move: 0

Player_1 score: 61
Player_2 score 61


ROUND 18/20
Player_1 move: 1
Player_2 move: 0

Player_1 score: 71
Player_2 score 61


ROUND 19/20
Player_1 move: 1
Player_2 move: 0

Player_1 score: 81
Player_2 score 61


ROUND 20/20
Player_1 move: 0
Player_2 move: 0

Player_1 score: 86
Player_2 score 66

player 2 wins



[ 0.  5.  1.  1.  1.  1.  0. 10.  5.  0. 10. 10.  5.  1.  1.  0. 10. 10.
 10.  5.]
[0. 0. 1. 1. 1. 1. 0. 1. 0. 0. 1. 1. 0. 1. 1. 0. 1. 1. 1. 0.]



[10.  5.  1.  1.  1.  1. 10.  0.  5. 10.  0.  0.  5.  1.  1. 10.  0.  0.
  0.  5.]
[1. 0. 1. 1. 1. 1. 1. 0. 0. 1. 0. 0. 0. 1. 1. 1. 0. 0. 0. 0.]



0
10
game over
