pygame 2.6.1 (SDL 2.28.4, Python 3.12.3)
Hello from the pygame community. https://www.pygame.org/contribute.html

-----------
start game
-----------

random
Pavlov

ROUND 1/20
Player_1 move: 1
Player_2 move: 1

Player_1 score: 1
Player_2 score 1


ROUND 2/20
Player_1 move: 0
Player_2 move: 1

Player_1 score: 1
Player_2 score 11


ROUND 3/20
Player_1 move: 1
Player_2 move: 0

Player_1 score: 11
Player_2 score 11


ROUND 4/20
Player_1 move: 1
Player_2 move: 0

Player_1 score: 21
Player_2 score 11


ROUND 5/20
Player_1 move: 0
Player_2 move: 0

Player_1 score: 26
Player_2 score 16


ROUND 6/20
Player_1 move: 1
Player_2 move: 1

Player_1 score: 27
Player_2 score 17


ROUND 7/20
Player_1 move: 0
Player_2 move: 1

Player_1 score: 27
Player_2 score 27


ROUND 8/20
Player_1 move: 0
Player_2 move: 0

Player_1 score: 32
Player_2 score 32


ROUND 9/20
Player_1 move: 1
Player_2 move: 1

Player_1 score: 33
Player_2 score 33


ROUND 10/20
Player_1 move: 1
Player_2 move: 1

Player_1 score: 34
Player_2 score 34


ROUND 11/20
Player_1 move: 1
Player_2 move: 1

Player_1 score: 35
Player_2 score 35


ROUND 12/20
Player_1 move: 1
Player_2 move: 1

Player_1 score: 36
Player_2 score 36


ROUND 13/20
Player_1 move: 1
Player_2 move: 1

Player_1 score: 37
Player_2 score 37


ROUND 14/20
Player_1 move: 1
Player_2 move: 1

Player_1 score: 38
Player_2 score 38


ROUND 15/20
Player_1 move: 0
Player_2 move: 1

Player_1 score: 38
Player_2 score 48


ROUND 16/20
Player_1 move: 1
Player_2 move: 0

Player_1 score: 48
Player_2 score 48


ROUND 17/20
Player_1 move: 1
Player_2 move: 0

Player_1 score: 58
Player_2 score 48


ROUND 18/20
Player_1 move: 1
Player_2 move: 0

Player_1 score: 68
Player_2 score 48


ROUND 19/20
Player_1 move: 0
Player_2 move: 0

Player_1 score: 73
Player_2 score 53


ROUND 20/20
Player_1 move: 1
Player_2 move: 1

Player_1 score: 74
Player_2 score 54

player 2 wins



[ 1.  0. 10. 10.  5.  1.  0.  5.  1.  1.  1.  1.  1.  1.  0. 10. 10. 10.
  5.  1.]
[1. 0. 1. 1. 0. 1. 0. 0. 1. 1. 1. 1. 1. 1. 0. 1. 1. 1. 0. 1.]



[ 1. 10.  0.  0.  5.  1. 10.  5.  1.  1.  1.  1.  1.  1. 10.  0.  0.  0.
  5.  1.]
[1. 1. 0. 0. 0. 1. 1. 0. 1. 1. 1. 1. 1. 1. 1. 0. 0. 0. 0. 1.]



74
54
game over
