pygame 2.6.1 (SDL 2.28.4, Python 3.12.3)
Hello from the pygame community. https://www.pygame.org/contribute.html

-----------
start game
-----------

random
Pavlov

ROUND 1/20
Player_1 move: 0
Player_2 move: 1

Player_1 score: 0
Player_2 score 10


ROUND 2/20
Player_1 move: 1
Player_2 move: 0

Player_1 score: 10
Player_2 score 0


ROUND 3/20
Player_1 move: 1
Player_2 move: 0

Player_1 score: 10
Player_2 score 0


ROUND 4/20
Player_1 move: 0
Player_2 move: 0

Player_1 score: 5
Player_2 score 5


ROUND 5/20
Player_1 move: 1
Player_2 move: 1

Player_1 score: 1
Player_2 score 1


ROUND 6/20
Player_1 move: 0
Player_2 move: 1

Player_1 score: 0
Player_2 score 10


ROUND 7/20
Player_1 move: 0
Player_2 move: 0

Player_1 score: 5
Player_2 score 5


ROUND 8/20
Player_1 move: 0
Player_2 move: 1

Player_1 score: 0
Player_2 score 10


ROUND 9/20
Player_1 move: 0
Player_2 move: 0

Player_1 score: 5
Player_2 score 5


ROUND 10/20
Player_1 move: 1
Player_2 move: 1

Player_1 score: 1
Player_2 score 1


ROUND 11/20
Player_1 move: 0
Player_2 move: 1

Player_1 score: 0
Player_2 score 10


ROUND 12/20
Player_1 move: 0
Player_2 move: 0

Player_1 score: 5
Player_2 score 5


ROUND 13/20
Player_1 move: 0
Player_2 move: 1

Player_1 score: 0
Player_2 score 10


ROUND 14/20
Player_1 move: 0
Player_2 move: 0

Player_1 score: 5
Player_2 score 5


ROUND 15/20
Player_1 move: 1
Player_2 move: 1

Player_1 score: 1
Player_2 score 1


ROUND 16/20
Player_1 move: 1
Player_2 move: 1

Player_1 score: 1
Player_2 score 1


ROUND 17/20
Player_1 move: 0
Player_2 move: 1

Player_1 score: 0
Player_2 score 10


ROUND 18/20
Player_1 move: 1
Player_2 move: 0

Player_1 score: 10
Player_2 score 0


ROUND 19/20
Player_1 move: 1
Player_2 move: 0

Player_1 score: 10
Player_2 score 0


ROUND 20/20
Player_1 move: 1
Player_2 move: 0

Player_1 score: 10
Player_2 score 0

player 2 wins

[ 0. 10. 10.  5.  1.  0.  5.  0.  5.  1.  0.  5.  0.  5.  1.  1.  0. 10. 10. 10.]
[0. 1. 1. 0. 1. 0. 0. 0. 0. 1. 0. 0. 0. 0. 1. 1. 0. 1. 1. 1.]

[10.  0.  0.  5.  1. 10.  5. 10.  5.  1. 10.  5. 10.  5.  1.  1. 10.  0. 0.  0.]
[1. 0. 0. 0. 1. 1. 0. 1. 0. 1. 1. 0. 1. 0. 1. 1. 1. 0. 0. 0.]

game over
