pygame 2.6.1 (SDL 2.28.4, Python 3.12.3)
Hello from the pygame community. https://www.pygame.org/contribute.html

-----------
start game
-----------

random
Pavlov

ROUND 1/20
Player_1 move: 1
Player_2 move: 1

Player_1 score: 1
Player_2 score 1


ROUND 2/20
Player_1 move: 1
Player_2 move: 1

Player_1 score: 2
Player_2 score 2


ROUND 3/20
Player_1 move: 1
Player_2 move: 1

Player_1 score: 3
Player_2 score 3


ROUND 4/20
Player_1 move: 0
Player_2 move: 1

Player_1 score: 3
Player_2 score 13


ROUND 5/20
Player_1 move: 0
Player_2 move: 0

Player_1 score: 8
Player_2 score 18


ROUND 6/20
Player_1 move: 1
Player_2 move: 1

Player_1 score: 9
Player_2 score 19


ROUND 7/20
Player_1 move: 0
Player_2 move: 1

Player_1 score: 9
Player_2 score 29


ROUND 8/20
Player_1 move: 0
Player_2 move: 0

Player_1 score: 14
Player_2 score 34


ROUND 9/20
Player_1 move: 1
Player_2 move: 1

Player_1 score: 15
Player_2 score 35


ROUND 10/20
Player_1 move: 0
Player_2 move: 1

Player_1 score: 15
Player_2 score 45


ROUND 11/20
Player_1 move: 1
Player_2 move: 0

Player_1 score: 25
Player_2 score 45


ROUND 12/20
Player_1 move: 0
Player_2 move: 0

Player_1 score: 30
Player_2 score 50


ROUND 13/20
Player_1 move: 1
Player_2 move: 1

Player_1 score: 31
Player_2 score 51


ROUND 14/20
Player_1 move: 0
Player_2 move: 1

Player_1 score: 31
Player_2 score 61


ROUND 15/20
Player_1 move: 1
Player_2 move: 0

Player_1 score: 41
Player_2 score 61


ROUND 16/20
Player_1 move: 0
Player_2 move: 0

Player_1 score: 46
Player_2 score 66


ROUND 17/20
Player_1 move: 0
Player_2 move: 1

Player_1 score: 46
Player_2 score 76


ROUND 18/20
Player_1 move: 0
Player_2 move: 0

Player_1 score: 51
Player_2 score 81


ROUND 19/20
Player_1 move: 1
Player_2 move: 1

Player_1 score: 52
Player_2 score 82


ROUND 20/20
Player_1 move: 0
Player_2 move: 1

Player_1 score: 52
Player_2 score 92

player 1 wins



[ 1.  1.  1.  0.  5.  1.  0.  5.  1.  0. 10.  5.  1.  0. 10.  5.  0.  5. 1.  0.]
[ 1.  1.  1. 10.  5.  1. 10.  5.  1. 10.  0.  5.  1. 10.  0.  5. 10.  5. 1. 10.]



[1. 1. 1. 0. 0. 1. 0. 0. 1. 0. 1. 0. 1. 0. 1. 0. 0. 0. 1. 0.]
[1. 1. 1. 1. 0. 1. 1. 0. 1. 1. 0. 0. 1. 1. 0. 0. 1. 0. 1. 1.]



[ 1.  2.  3.  3.  8.  9.  9. 14. 15. 15. 25. 30. 31. 31. 41. 46. 46. 51. 52. 52.]
[ 1.  2.  3. 13. 18. 19. 29. 34. 35. 45. 45. 50. 51. 61. 61. 66. 76. 81. 82. 92.]
