pygame 2.6.1 (SDL 2.28.4, Python 3.12.3)
Hello from the pygame community. https://www.pygame.org/contribute.html

-----------
start game
-----------

random
Pavlov

ROUND 1/20
Player_1 move: 0
Player_2 move: 1

Player_1 score: 0
Player_2 score 10


ROUND 2/20
Player_1 move: 0
Player_2 move: 0

Player_1 score: 5
Player_2 score 15


ROUND 3/20
Player_1 move: 1
Player_2 move: 1

Player_1 score: 6
Player_2 score 16


ROUND 4/20
Player_1 move: 0
Player_2 move: 1

Player_1 score: 6
Player_2 score 26


ROUND 5/20
Player_1 move: 0
Player_2 move: 0

Player_1 score: 11
Player_2 score 31


ROUND 6/20
Player_1 move: 1
Player_2 move: 1

Player_1 score: 12
Player_2 score 32


ROUND 7/20
Player_1 move: 1
Player_2 move: 1

Player_1 score: 13
Player_2 score 33


ROUND 8/20
Player_1 move: 1
Player_2 move: 1

Player_1 score: 14
Player_2 score 34


ROUND 9/20
Player_1 move: 1
Player_2 move: 1

Player_1 score: 15
Player_2 score 35


ROUND 10/20
Player_1 move: 1
Player_2 move: 1

Player_1 score: 16
Player_2 score 36


ROUND 11/20
Player_1 move: 1
Player_2 move: 1

Player_1 score: 17
Player_2 score 37


ROUND 12/20
Player_1 move: 1
Player_2 move: 1

Player_1 score: 18
Player_2 score 38


ROUND 13/20
Player_1 move: 1
Player_2 move: 1

Player_1 score: 19
Player_2 score 39


ROUND 14/20
Player_1 move: 1
Player_2 move: 1

Player_1 score: 20
Player_2 score 40


ROUND 15/20
Player_1 move: 0
Player_2 move: 1

Player_1 score: 20
Player_2 score 50


ROUND 16/20
Player_1 move: 1
Player_2 move: 0

Player_1 score: 30
Player_2 score 50


ROUND 17/20
Player_1 move: 1
Player_2 move: 0

Player_1 score: 40
Player_2 score 50


ROUND 18/20
Player_1 move: 0
Player_2 move: 0

Player_1 score: 45
Player_2 score 55


ROUND 19/20
Player_1 move: 1
Player_2 move: 1

Player_1 score: 46
Player_2 score 56


ROUND 20/20
Player_1 move: 1
Player_2 move: 1

Player_1 score: 47
Player_2 score 57

player 1 wins

*
round score
[ 0.  5.  1.  0.  5.  1.  1.  1.  1.  1.  1.  1.  1.  1.  0. 10. 10.  5.
  1.  1.]
[10.  5.  1. 10.  5.  1.  1.  1.  1.  1.  1.  1.  1.  1. 10.  0.  0.  5.
  1.  1.]
round move
[0. 0. 1. 0. 0. 1. 1. 1. 1. 1. 1. 1. 1. 1. 0. 1. 1. 0. 1. 1.]
[1. 0. 1. 1. 0. 1. 1. 1. 1. 1. 1. 1. 1. 1. 1. 0. 0. 0. 1. 1.]
current total score
[ 0.  5.  6.  6. 11. 12. 13. 14. 15. 16. 17. 18. 19. 20. 20. 30. 40. 45.
 46. 47.]
[10. 15. 16. 26. 31. 32. 33. 34. 35. 36. 37. 38. 39. 40. 50. 50. 50. 55.
 56. 57.]
*




