pygame 2.6.1 (SDL 2.28.4, Python 3.12.3)
Hello from the pygame community. https://www.pygame.org/contribute.html

-----------
start game
-----------

random
Pavlov

ROUND 1/20
Player_1 move: 0
Player_2 move: 1

Player_1 score: 0
Player_2 score 10


ROUND 2/20
Player_1 move: 1
Player_2 move: 0

Player_1 score: 10
Player_2 score 10


ROUND 3/20
Player_1 move: 0
Player_2 move: 0

Player_1 score: 15
Player_2 score 15


ROUND 4/20
Player_1 move: 0
Player_2 move: 1

Player_1 score: 15
Player_2 score 25


ROUND 5/20
Player_1 move: 1
Player_2 move: 0

Player_1 score: 25
Player_2 score 25


ROUND 6/20
Player_1 move: 0
Player_2 move: 0

Player_1 score: 30
Player_2 score 30


ROUND 7/20
Player_1 move: 1
Player_2 move: 1

Player_1 score: 31
Player_2 score 31


ROUND 8/20
Player_1 move: 0
Player_2 move: 1

Player_1 score: 31
Player_2 score 41


ROUND 9/20
Player_1 move: 0
Player_2 move: 0

Player_1 score: 36
Player_2 score 46


ROUND 10/20
Player_1 move: 0
Player_2 move: 1

Player_1 score: 36
Player_2 score 56


ROUND 11/20
Player_1 move: 1
Player_2 move: 0

Player_1 score: 46
Player_2 score 56


ROUND 12/20
Player_1 move: 0
Player_2 move: 0

Player_1 score: 51
Player_2 score 61


ROUND 13/20
Player_1 move: 1
Player_2 move: 1

Player_1 score: 52
Player_2 score 62


ROUND 14/20
Player_1 move: 1
Player_2 move: 1

Player_1 score: 53
Player_2 score 63


ROUND 15/20
Player_1 move: 1
Player_2 move: 1

Player_1 score: 54
Player_2 score 64


ROUND 16/20
Player_1 move: 1
Player_2 move: 1

Player_1 score: 55
Player_2 score 65


ROUND 17/20
Player_1 move: 0
Player_2 move: 1

Player_1 score: 55
Player_2 score 75


ROUND 18/20
Player_1 move: 0
Player_2 move: 0

Player_1 score: 60
Player_2 score 80


ROUND 19/20
Player_1 move: 1
Player_2 move: 1

Player_1 score: 61
Player_2 score 81


ROUND 20/20
Player_1 move: 1
Player_2 move: 1

Player_1 score: 62
Player_2 score 82

player 1 wins
[ 0. 10.  5.  0. 10.  5.  1.  0.  5.  0. 10.  5.  1.  1.  1.  1.  0.  5.
  1.  1.]
[0. 1. 0. 0. 1. 0. 1. 0. 0. 0. 1. 0. 1. 1. 1. 1. 0. 0. 1. 1.]
[10.  0.  5. 10.  0.  5.  1. 10.  5. 10.  0.  5.  1.  1.  1.  1. 10.  5.
  1.  1.]
[1. 0. 0. 1. 0. 0. 1. 1. 0. 1. 0. 0. 1. 1. 1. 1. 1. 0. 1. 1.]
game over
